# Logfile created on 2013-12-11 23:02:33 -0600 by logger.rb/36483
D, [2013-12-11T23:02:33.494016 #91731] DEBUG -- : REQUESTING PAGE: GET / with {} and HTTP headers {}
D, [2013-12-11T23:02:33.509715 #91731] DEBUG -- : REQUESTING PAGE: GET /about with {} and HTTP headers {"HTTP_REFERER"=>"/"}
D, [2013-12-11T23:04:49.167377 #91951] DEBUG -- : REQUESTING PAGE: GET / with {} and HTTP headers {}
D, [2013-12-11T23:04:49.179629 #91951] DEBUG -- : REQUESTING PAGE: GET /about with {} and HTTP headers {"HTTP_REFERER"=>"/"}
D, [2013-12-11T23:05:16.444869 #91985] DEBUG -- : REQUESTING PAGE: GET / with {} and HTTP headers {}
D, [2013-12-11T23:05:16.459385 #91985] DEBUG -- : REQUESTING PAGE: GET /about with {} and HTTP headers {"HTTP_REFERER"=>"/"}
D, [2013-12-11T23:08:08.456994 #92253] DEBUG -- : REQUESTING PAGE: GET / with {} and HTTP headers {}
D, [2013-12-11T23:08:08.486914 #92253] DEBUG -- : REQUESTING PAGE: GET /about with {} and HTTP headers {"HTTP_REFERER"=>"/"}
D, [2013-12-11T23:09:03.089276 #92351] DEBUG -- : REQUESTING PAGE: GET / with {} and HTTP headers {}
D, [2013-12-11T23:09:03.101849 #92351] DEBUG -- : REQUESTING PAGE: GET /about with {} and HTTP headers {"HTTP_REFERER"=>"/"}
D, [2013-12-11T23:09:03.114449 #92351] DEBUG -- : REQUESTING PAGE: GET /help with {} and HTTP headers {"HTTP_REFERER"=>"/about"}
D, [2013-12-11T23:09:39.477210 #92401] DEBUG -- : REQUESTING PAGE: GET / with {} and HTTP headers {}
D, [2013-12-11T23:09:39.532975 #92401] DEBUG -- : REQUESTING PAGE: GET /about with {} and HTTP headers {"HTTP_REFERER"=>"/"}
D, [2013-12-11T23:09:39.547612 #92401] DEBUG -- : REQUESTING PAGE: GET /help with {} and HTTP headers {"HTTP_REFERER"=>"/about"}
D, [2013-12-11T23:09:39.589030 #92401] DEBUG -- : REQUESTING PAGE: GET /contact with {} and HTTP headers {"HTTP_REFERER"=>"/help"}
D, [2013-12-11T23:09:39.602908 #92401] DEBUG -- : REQUESTING PAGE: GET / with {} and HTTP headers {"HTTP_REFERER"=>"/contact"}
D, [2013-12-11T23:09:39.615040 #92401] DEBUG -- : REQUESTING PAGE: GET /signup with {} and HTTP headers {"HTTP_REFERER"=>"/"}
D, [2013-12-12T20:33:58.257421 #49866] DEBUG -- : REQUESTING PAGE: GET / with {} and HTTP headers {}
D, [2013-12-12T20:33:58.289491 #49866] DEBUG -- : REQUESTING PAGE: GET /about with {} and HTTP headers {"HTTP_REFERER"=>"/"}
D, [2013-12-12T20:33:58.302361 #49866] DEBUG -- : REQUESTING PAGE: GET /help with {} and HTTP headers {"HTTP_REFERER"=>"/about"}
D, [2013-12-12T20:33:58.315904 #49866] DEBUG -- : REQUESTING PAGE: GET /contact with {} and HTTP headers {"HTTP_REFERER"=>"/help"}
D, [2013-12-12T20:33:58.358805 #49866] DEBUG -- : REQUESTING PAGE: GET / with {} and HTTP headers {"HTTP_REFERER"=>"/contact"}
D, [2013-12-12T20:33:58.370509 #49866] DEBUG -- : REQUESTING PAGE: GET /signup with {} and HTTP headers {"HTTP_REFERER"=>"/"}
D, [2013-12-12T20:54:49.424868 #51795] DEBUG -- : REQUESTING PAGE: GET / with {} and HTTP headers {}
D, [2013-12-12T20:54:49.437157 #51795] DEBUG -- : REQUESTING PAGE: GET /about with {} and HTTP headers {"HTTP_REFERER"=>"/"}
D, [2013-12-12T20:54:49.478446 #51795] DEBUG -- : REQUESTING PAGE: GET /help with {} and HTTP headers {"HTTP_REFERER"=>"/about"}
D, [2013-12-12T20:54:49.491803 #51795] DEBUG -- : REQUESTING PAGE: GET /contact with {} and HTTP headers {"HTTP_REFERER"=>"/help"}
D, [2013-12-12T20:54:49.503356 #51795] DEBUG -- : REQUESTING PAGE: GET / with {} and HTTP headers {"HTTP_REFERER"=>"/contact"}
D, [2013-12-12T20:54:49.515054 #51795] DEBUG -- : REQUESTING PAGE: GET /signup with {} and HTTP headers {"HTTP_REFERER"=>"/"}
D, [2013-12-12T20:56:18.655758 #51933] DEBUG -- : REQUESTING PAGE: GET / with {} and HTTP headers {}
D, [2013-12-12T20:56:18.668325 #51933] DEBUG -- : REQUESTING PAGE: GET /about with {} and HTTP headers {"HTTP_REFERER"=>"/"}
D, [2013-12-12T20:56:18.709312 #51933] DEBUG -- : REQUESTING PAGE: GET /help with {} and HTTP headers {"HTTP_REFERER"=>"/about"}
D, [2013-12-12T20:56:18.723219 #51933] DEBUG -- : REQUESTING PAGE: GET /contact with {} and HTTP headers {"HTTP_REFERER"=>"/help"}
D, [2013-12-12T20:56:18.735319 #51933] DEBUG -- : REQUESTING PAGE: GET / with {} and HTTP headers {"HTTP_REFERER"=>"/contact"}
D, [2013-12-12T20:56:18.747360 #51933] DEBUG -- : REQUESTING PAGE: GET /signup with {} and HTTP headers {"HTTP_REFERER"=>"/"}
D, [2013-12-13T07:58:22.247032 #53945] DEBUG -- : REQUESTING PAGE: GET / with {} and HTTP headers {}
D, [2013-12-13T07:58:22.260926 #53945] DEBUG -- : REQUESTING PAGE: GET /about with {} and HTTP headers {"HTTP_REFERER"=>"/"}
D, [2013-12-13T07:58:22.303441 #53945] DEBUG -- : REQUESTING PAGE: GET /help with {} and HTTP headers {"HTTP_REFERER"=>"/about"}
D, [2013-12-13T07:58:22.316163 #53945] DEBUG -- : REQUESTING PAGE: GET /contact with {} and HTTP headers {"HTTP_REFERER"=>"/help"}
D, [2013-12-13T07:58:22.327644 #53945] DEBUG -- : REQUESTING PAGE: GET / with {} and HTTP headers {"HTTP_REFERER"=>"/contact"}
D, [2013-12-13T07:58:22.339415 #53945] DEBUG -- : REQUESTING PAGE: GET /signup with {} and HTTP headers {"HTTP_REFERER"=>"/"}
D, [2013-12-18T20:50:34.592375 #51848] DEBUG -- : REQUESTING PAGE: GET / with {} and HTTP headers {}
D, [2013-12-18T20:50:34.606963 #51848] DEBUG -- : REQUESTING PAGE: GET /about with {} and HTTP headers {"HTTP_REFERER"=>"/"}
D, [2013-12-18T20:50:34.619653 #51848] DEBUG -- : REQUESTING PAGE: GET /help with {} and HTTP headers {"HTTP_REFERER"=>"/about"}
D, [2013-12-18T20:50:34.632570 #51848] DEBUG -- : REQUESTING PAGE: GET /contact with {} and HTTP headers {"HTTP_REFERER"=>"/help"}
D, [2013-12-18T20:50:34.645428 #51848] DEBUG -- : REQUESTING PAGE: GET / with {} and HTTP headers {"HTTP_REFERER"=>"/contact"}
D, [2013-12-18T20:50:34.658308 #51848] DEBUG -- : REQUESTING PAGE: GET /signup with {} and HTTP headers {"HTTP_REFERER"=>"/"}
D, [2013-12-19T22:23:21.090397 #97824] DEBUG -- : REQUESTING PAGE: GET / with {} and HTTP headers {}
D, [2013-12-19T22:23:21.134816 #97824] DEBUG -- : REQUESTING PAGE: GET /about with {} and HTTP headers {"HTTP_REFERER"=>"/"}
D, [2013-12-19T22:23:21.147883 #97824] DEBUG -- : REQUESTING PAGE: GET /help with {} and HTTP headers {"HTTP_REFERER"=>"/about"}
D, [2013-12-19T22:23:21.160050 #97824] DEBUG -- : REQUESTING PAGE: GET /contact with {} and HTTP headers {"HTTP_REFERER"=>"/help"}
D, [2013-12-19T22:23:21.172375 #97824] DEBUG -- : REQUESTING PAGE: GET / with {} and HTTP headers {"HTTP_REFERER"=>"/contact"}
D, [2013-12-19T22:23:21.184412 #97824] DEBUG -- : REQUESTING PAGE: GET /signup with {} and HTTP headers {"HTTP_REFERER"=>"/"}
D, [2014-01-24T08:51:33.798345 #26201] DEBUG -- : REQUESTING PAGE: GET / with {} and HTTP headers {}
D, [2014-01-24T08:51:33.811108 #26201] DEBUG -- : REQUESTING PAGE: GET /about with {} and HTTP headers {"HTTP_REFERER"=>"/"}
D, [2014-01-24T08:51:33.824509 #26201] DEBUG -- : REQUESTING PAGE: GET /help with {} and HTTP headers {"HTTP_REFERER"=>"/about"}
D, [2014-01-24T08:51:33.838091 #26201] DEBUG -- : REQUESTING PAGE: GET /contact with {} and HTTP headers {"HTTP_REFERER"=>"/help"}
D, [2014-01-24T08:51:33.851306 #26201] DEBUG -- : REQUESTING PAGE: GET / with {} and HTTP headers {"HTTP_REFERER"=>"/contact"}
D, [2014-01-24T08:51:33.864451 #26201] DEBUG -- : REQUESTING PAGE: GET /signup with {} and HTTP headers {"HTTP_REFERER"=>"/"}
D, [2014-01-31T15:09:50.528686 #22180] DEBUG -- : REQUESTING PAGE: GET / with {} and HTTP headers {}
D, [2014-01-31T15:09:50.592245 #22180] DEBUG -- : REQUESTING PAGE: GET /about with {} and HTTP headers {"HTTP_REFERER"=>"/"}
D, [2014-01-31T15:09:50.607582 #22180] DEBUG -- : REQUESTING PAGE: GET /help with {} and HTTP headers {"HTTP_REFERER"=>"/about"}
D, [2014-01-31T15:09:50.621251 #22180] DEBUG -- : REQUESTING PAGE: GET /contact with {} and HTTP headers {"HTTP_REFERER"=>"/help"}
D, [2014-01-31T15:09:50.635097 #22180] DEBUG -- : REQUESTING PAGE: GET / with {} and HTTP headers {"HTTP_REFERER"=>"/contact"}
D, [2014-01-31T15:09:50.646965 #22180] DEBUG -- : REQUESTING PAGE: GET /signup with {} and HTTP headers {"HTTP_REFERER"=>"/"}
D, [2014-05-12T21:17:26.939246 #69293] DEBUG -- : REQUESTING PAGE: GET / with {} and HTTP headers {}
D, [2014-05-12T21:17:26.971366 #69293] DEBUG -- : REQUESTING PAGE: GET /about with {} and HTTP headers {"HTTP_REFERER"=>"/"}
D, [2014-05-12T21:17:26.987184 #69293] DEBUG -- : REQUESTING PAGE: GET /help with {} and HTTP headers {"HTTP_REFERER"=>"/about"}
D, [2014-05-12T21:17:26.999250 #69293] DEBUG -- : REQUESTING PAGE: GET /contact with {} and HTTP headers {"HTTP_REFERER"=>"/help"}
D, [2014-05-12T21:17:27.011315 #69293] DEBUG -- : REQUESTING PAGE: GET / with {} and HTTP headers {"HTTP_REFERER"=>"/contact"}
D, [2014-05-12T21:17:27.024871 #69293] DEBUG -- : REQUESTING PAGE: GET /signup with {} and HTTP headers {"HTTP_REFERER"=>"/"}
D, [2014-05-12T21:27:05.142612 #70349] DEBUG -- : REQUESTING PAGE: GET / with {} and HTTP headers {}
D, [2014-05-12T21:27:05.154852 #70349] DEBUG -- : REQUESTING PAGE: GET /about with {} and HTTP headers {"HTTP_REFERER"=>"/"}
D, [2014-05-12T21:27:05.167223 #70349] DEBUG -- : REQUESTING PAGE: GET /help with {} and HTTP headers {"HTTP_REFERER"=>"/about"}
D, [2014-05-12T21:27:05.181017 #70349] DEBUG -- : REQUESTING PAGE: GET /contact with {} and HTTP headers {"HTTP_REFERER"=>"/help"}
D, [2014-05-12T21:27:05.193558 #70349] DEBUG -- : REQUESTING PAGE: GET / with {} and HTTP headers {"HTTP_REFERER"=>"/contact"}
D, [2014-05-12T21:27:05.206367 #70349] DEBUG -- : REQUESTING PAGE: GET /signup with {} and HTTP headers {"HTTP_REFERER"=>"/"}
D, [2014-05-12T21:34:02.369847 #71079] DEBUG -- : REQUESTING PAGE: GET / with {} and HTTP headers {}
D, [2014-05-12T21:34:02.382951 #71079] DEBUG -- : REQUESTING PAGE: GET /about with {} and HTTP headers {"HTTP_REFERER"=>"/"}
D, [2014-05-12T21:34:02.395694 #71079] DEBUG -- : REQUESTING PAGE: GET /help with {} and HTTP headers {"HTTP_REFERER"=>"/about"}
D, [2014-05-12T21:34:02.426481 #71079] DEBUG -- : REQUESTING PAGE: GET /contact with {} and HTTP headers {"HTTP_REFERER"=>"/help"}
D, [2014-05-12T21:34:02.438554 #71079] DEBUG -- : REQUESTING PAGE: GET / with {} and HTTP headers {"HTTP_REFERER"=>"/contact"}
D, [2014-05-12T21:34:02.450253 #71079] DEBUG -- : REQUESTING PAGE: GET /signup with {} and HTTP headers {"HTTP_REFERER"=>"/"}
D, [2014-05-12T21:41:15.989264 #71827] DEBUG -- : REQUESTING PAGE: GET / with {} and HTTP headers {}
D, [2014-05-12T21:41:16.001410 #71827] DEBUG -- : REQUESTING PAGE: GET /about with {} and HTTP headers {"HTTP_REFERER"=>"/"}
D, [2014-05-12T21:41:16.013659 #71827] DEBUG -- : REQUESTING PAGE: GET /help with {} and HTTP headers {"HTTP_REFERER"=>"/about"}
D, [2014-05-12T21:41:16.027841 #71827] DEBUG -- : REQUESTING PAGE: GET /contact with {} and HTTP headers {"HTTP_REFERER"=>"/help"}
D, [2014-05-12T21:41:16.041024 #71827] DEBUG -- : REQUESTING PAGE: GET / with {} and HTTP headers {"HTTP_REFERER"=>"/contact"}
D, [2014-05-12T21:41:16.053786 #71827] DEBUG -- : REQUESTING PAGE: GET /signup with {} and HTTP headers {"HTTP_REFERER"=>"/"}
D, [2014-05-12T21:42:39.298002 #71967] DEBUG -- : REQUESTING PAGE: GET / with {} and HTTP headers {}
D, [2014-05-12T21:42:39.342429 #71967] DEBUG -- : REQUESTING PAGE: GET /about with {} and HTTP headers {"HTTP_REFERER"=>"/"}
D, [2014-05-12T21:42:39.356617 #71967] DEBUG -- : REQUESTING PAGE: GET /help with {} and HTTP headers {"HTTP_REFERER"=>"/about"}
D, [2014-05-12T21:42:39.369066 #71967] DEBUG -- : REQUESTING PAGE: GET /contact with {} and HTTP headers {"HTTP_REFERER"=>"/help"}
D, [2014-05-12T21:42:39.381623 #71967] DEBUG -- : REQUESTING PAGE: GET / with {} and HTTP headers {"HTTP_REFERER"=>"/contact"}
D, [2014-05-12T21:42:39.393524 #71967] DEBUG -- : REQUESTING PAGE: GET /signup with {} and HTTP headers {"HTTP_REFERER"=>"/"}
D, [2014-05-12T21:47:24.928123 #72465] DEBUG -- : REQUESTING PAGE: GET / with {} and HTTP headers {}
D, [2014-05-12T21:47:24.940381 #72465] DEBUG -- : REQUESTING PAGE: GET /about with {} and HTTP headers {"HTTP_REFERER"=>"/"}
D, [2014-05-12T21:47:24.952442 #72465] DEBUG -- : REQUESTING PAGE: GET /help with {} and HTTP headers {"HTTP_REFERER"=>"/about"}
D, [2014-05-12T21:47:24.966428 #72465] DEBUG -- : REQUESTING PAGE: GET /contact with {} and HTTP headers {"HTTP_REFERER"=>"/help"}
D, [2014-05-12T21:47:24.979620 #72465] DEBUG -- : REQUESTING PAGE: GET / with {} and HTTP headers {"HTTP_REFERER"=>"/contact"}
D, [2014-05-12T21:47:24.994597 #72465] DEBUG -- : REQUESTING PAGE: GET /signup with {} and HTTP headers {"HTTP_REFERER"=>"/"}
D, [2014-05-12T21:56:46.822748 #73486] DEBUG -- : REQUESTING PAGE: GET / with {} and HTTP headers {}
D, [2014-05-12T21:56:46.836381 #73486] DEBUG -- : REQUESTING PAGE: GET /about with {} and HTTP headers {"HTTP_REFERER"=>"/"}
D, [2014-05-12T21:56:46.848935 #73486] DEBUG -- : REQUESTING PAGE: GET /help with {} and HTTP headers {"HTTP_REFERER"=>"/about"}
D, [2014-05-12T21:56:46.861208 #73486] DEBUG -- : REQUESTING PAGE: GET /contact with {} and HTTP headers {"HTTP_REFERER"=>"/help"}
D, [2014-05-12T21:56:46.875044 #73486] DEBUG -- : REQUESTING PAGE: GET / with {} and HTTP headers {"HTTP_REFERER"=>"/contact"}
D, [2014-05-12T21:56:46.888852 #73486] DEBUG -- : REQUESTING PAGE: GET /signup with {} and HTTP headers {"HTTP_REFERER"=>"/"}
